CRITICAL - 2023-08-22 22:21:46 --> Undefined variable $archivo
in APPPATH\Views\PROBANDO\csv2.php on line 363.
 1 APPPATH\Views\PROBANDO\csv2.php(363): CodeIgniter\Debug\Exceptions->errorHandler(2, 'Undefined variable $archivo', 'C:\\xampp\\htdocs\\app\\Views\\PROBANDO\\csv2.php', 363)
 2 APPPATH\Views\PROBANDO\csv2.php(280): arrayDeColumna('C:\\xampp\\htdocs\\app\\Views\\PROBANDO\\solo100.csv', 1)
 3 SYSTEMPATH\View\View.php(224): include('C:\\xampp\\htdocs\\app\\Views\\PROBANDO\\csv2.php')
 4 SYSTEMPATH\View\View.php(227): CodeIgniter\View\View->CodeIgniter\View\{closure}()
 5 SYSTEMPATH\Common.php(1176): CodeIgniter\View\View->render('PROBANDO\\csv2.php', [], true)
 6 APPPATH\Controllers\Home.php(9): view('PROBANDO\\csv2.php')
 7 SYSTEMPATH\CodeIgniter.php(932): App\Controllers\Home->index()
 8 SYSTEMPATH\CodeIgniter.php(497): CodeIgniter\CodeIgniter->runController(Object(App\Controllers\Home))
 9 SYSTEMPATH\CodeIgniter.php(366): CodeIgniter\CodeIgniter->handleRequest(null, Object(Config\Cache), false)
10 FCPATH\index.php(67): CodeIgniter\CodeIgniter->run()
CRITICAL - 2023-08-22 22:24:56 --> Undefined variable $archivo
in APPPATH\Views\PROBANDO\csv2.php on line 363.
 1 APPPATH\Views\PROBANDO\csv2.php(363): CodeIgniter\Debug\Exceptions->errorHandler(2, 'Undefined variable $archivo', 'C:\\xampp\\htdocs\\app\\Views\\PROBANDO\\csv2.php', 363)
 2 APPPATH\Views\PROBANDO\csv2.php(280): arrayDeColumna('C:\\xampp\\htdocs\\app\\Views\\PROBANDO\\solo100.csv', 1)
 3 SYSTEMPATH\View\View.php(224): include('C:\\xampp\\htdocs\\app\\Views\\PROBANDO\\csv2.php')
 4 SYSTEMPATH\View\View.php(227): CodeIgniter\View\View->CodeIgniter\View\{closure}()
 5 SYSTEMPATH\Common.php(1176): CodeIgniter\View\View->render('PROBANDO\\csv2.php', [], true)
 6 APPPATH\Controllers\Home.php(9): view('PROBANDO\\csv2.php')
 7 SYSTEMPATH\CodeIgniter.php(932): App\Controllers\Home->index()
 8 SYSTEMPATH\CodeIgniter.php(497): CodeIgniter\CodeIgniter->runController(Object(App\Controllers\Home))
 9 SYSTEMPATH\CodeIgniter.php(366): CodeIgniter\CodeIgniter->handleRequest(null, Object(Config\Cache), false)
10 FCPATH\index.php(67): CodeIgniter\CodeIgniter->run()
CRITICAL - 2023-08-22 22:32:33 --> Undefined variable $archivo
in APPPATH\Views\PROBANDO\csv2.php on line 363.
 1 APPPATH\Views\PROBANDO\csv2.php(363): CodeIgniter\Debug\Exceptions->errorHandler(2, 'Undefined variable $archivo', 'C:\\xampp\\htdocs\\app\\Views\\PROBANDO\\csv2.php', 363)
 2 APPPATH\Views\PROBANDO\csv2.php(280): arrayDeColumna('C:\\xampp\\htdocs\\app\\Views\\PROBANDO\\solo100.csv', 1)
 3 SYSTEMPATH\View\View.php(224): include('C:\\xampp\\htdocs\\app\\Views\\PROBANDO\\csv2.php')
 4 SYSTEMPATH\View\View.php(227): CodeIgniter\View\View->CodeIgniter\View\{closure}()
 5 SYSTEMPATH\Common.php(1176): CodeIgniter\View\View->render('PROBANDO\\csv2.php', [], true)
 6 APPPATH\Controllers\Home.php(9): view('PROBANDO\\csv2.php')
 7 SYSTEMPATH\CodeIgniter.php(932): App\Controllers\Home->index()
 8 SYSTEMPATH\CodeIgniter.php(497): CodeIgniter\CodeIgniter->runController(Object(App\Controllers\Home))
 9 SYSTEMPATH\CodeIgniter.php(366): CodeIgniter\CodeIgniter->handleRequest(null, Object(Config\Cache), false)
10 FCPATH\index.php(67): CodeIgniter\CodeIgniter->run()
CRITICAL - 2023-08-22 22:33:59 --> Undefined variable $archivo
in APPPATH\Views\PROBANDO\csv2.php on line 363.
 1 APPPATH\Views\PROBANDO\csv2.php(363): CodeIgniter\Debug\Exceptions->errorHandler(2, 'Undefined variable $archivo', 'C:\\xampp\\htdocs\\app\\Views\\PROBANDO\\csv2.php', 363)
 2 APPPATH\Views\PROBANDO\csv2.php(280): arrayDeColumna('C:\\xampp\\htdocs\\app\\Views\\PROBANDO\\solo100.csv', 1)
 3 SYSTEMPATH\View\View.php(224): include('C:\\xampp\\htdocs\\app\\Views\\PROBANDO\\csv2.php')
 4 SYSTEMPATH\View\View.php(227): CodeIgniter\View\View->CodeIgniter\View\{closure}()
 5 SYSTEMPATH\Common.php(1176): CodeIgniter\View\View->render('PROBANDO\\csv2.php', [], true)
 6 APPPATH\Controllers\Home.php(9): view('PROBANDO\\csv2.php')
 7 SYSTEMPATH\CodeIgniter.php(932): App\Controllers\Home->index()
 8 SYSTEMPATH\CodeIgniter.php(497): CodeIgniter\CodeIgniter->runController(Object(App\Controllers\Home))
 9 SYSTEMPATH\CodeIgniter.php(366): CodeIgniter\CodeIgniter->handleRequest(null, Object(Config\Cache), false)
10 FCPATH\index.php(67): CodeIgniter\CodeIgniter->run()
CRITICAL - 2023-08-22 22:34:52 --> Undefined variable $archivo
in APPPATH\Views\PROBANDO\csv2.php on line 363.
 1 APPPATH\Views\PROBANDO\csv2.php(363): CodeIgniter\Debug\Exceptions->errorHandler(2, 'Undefined variable $archivo', 'C:\\xampp\\htdocs\\app\\Views\\PROBANDO\\csv2.php', 363)
 2 APPPATH\Views\PROBANDO\csv2.php(280): arrayDeColumna('C:\\xampp\\htdocs\\app\\Views\\PROBANDO\\solo100.csv', 1)
 3 SYSTEMPATH\View\View.php(224): include('C:\\xampp\\htdocs\\app\\Views\\PROBANDO\\csv2.php')
 4 SYSTEMPATH\View\View.php(227): CodeIgniter\View\View->CodeIgniter\View\{closure}()
 5 SYSTEMPATH\Common.php(1176): CodeIgniter\View\View->render('PROBANDO\\csv2.php', [], true)
 6 APPPATH\Controllers\Home.php(9): view('PROBANDO\\csv2.php')
 7 SYSTEMPATH\CodeIgniter.php(932): App\Controllers\Home->index()
 8 SYSTEMPATH\CodeIgniter.php(497): CodeIgniter\CodeIgniter->runController(Object(App\Controllers\Home))
 9 SYSTEMPATH\CodeIgniter.php(366): CodeIgniter\CodeIgniter->handleRequest(null, Object(Config\Cache), false)
10 FCPATH\index.php(67): CodeIgniter\CodeIgniter->run()
CRITICAL - 2023-08-22 22:35:28 --> Undefined variable $archivo
in APPPATH\Views\PROBANDO\csv2.php on line 363.
 1 APPPATH\Views\PROBANDO\csv2.php(363): CodeIgniter\Debug\Exceptions->errorHandler(2, 'Undefined variable $archivo', 'C:\\xampp\\htdocs\\app\\Views\\PROBANDO\\csv2.php', 363)
 2 APPPATH\Views\PROBANDO\csv2.php(280): arrayDeColumna('C:\\xampp\\htdocs\\app\\Views\\PROBANDO\\solo100.csv', 1)
 3 SYSTEMPATH\View\View.php(224): include('C:\\xampp\\htdocs\\app\\Views\\PROBANDO\\csv2.php')
 4 SYSTEMPATH\View\View.php(227): CodeIgniter\View\View->CodeIgniter\View\{closure}()
 5 SYSTEMPATH\Common.php(1176): CodeIgniter\View\View->render('PROBANDO\\csv2.php', [], true)
 6 APPPATH\Controllers\Home.php(9): view('PROBANDO\\csv2.php')
 7 SYSTEMPATH\CodeIgniter.php(932): App\Controllers\Home->index()
 8 SYSTEMPATH\CodeIgniter.php(497): CodeIgniter\CodeIgniter->runController(Object(App\Controllers\Home))
 9 SYSTEMPATH\CodeIgniter.php(366): CodeIgniter\CodeIgniter->handleRequest(null, Object(Config\Cache), false)
10 FCPATH\index.php(67): CodeIgniter\CodeIgniter->run()
CRITICAL - 2023-08-22 22:57:56 --> Undefined variable $archivo
in APPPATH\Views\PROBANDO\csv2.php on line 363.
 1 APPPATH\Views\PROBANDO\csv2.php(363): CodeIgniter\Debug\Exceptions->errorHandler(2, 'Undefined variable $archivo', 'C:\\xampp\\htdocs\\app\\Views\\PROBANDO\\csv2.php', 363)
 2 APPPATH\Views\PROBANDO\csv2.php(280): arrayDeColumna('C:\\xampp\\htdocs\\app\\Views\\PROBANDO\\solo100.csv', 1)
 3 SYSTEMPATH\View\View.php(224): include('C:\\xampp\\htdocs\\app\\Views\\PROBANDO\\csv2.php')
 4 SYSTEMPATH\View\View.php(227): CodeIgniter\View\View->CodeIgniter\View\{closure}()
 5 SYSTEMPATH\Common.php(1176): CodeIgniter\View\View->render('PROBANDO\\csv2.php', [], true)
 6 APPPATH\Controllers\Home.php(9): view('PROBANDO\\csv2.php')
 7 SYSTEMPATH\CodeIgniter.php(932): App\Controllers\Home->index()
 8 SYSTEMPATH\CodeIgniter.php(497): CodeIgniter\CodeIgniter->runController(Object(App\Controllers\Home))
 9 SYSTEMPATH\CodeIgniter.php(366): CodeIgniter\CodeIgniter->handleRequest(null, Object(Config\Cache), false)
10 FCPATH\index.php(67): CodeIgniter\CodeIgniter->run()
CRITICAL - 2023-08-22 22:58:07 --> Undefined variable $archivo
in APPPATH\Views\PROBANDO\csv2.php on line 363.
 1 APPPATH\Views\PROBANDO\csv2.php(363): CodeIgniter\Debug\Exceptions->errorHandler(2, 'Undefined variable $archivo', 'C:\\xampp\\htdocs\\app\\Views\\PROBANDO\\csv2.php', 363)
 2 APPPATH\Views\PROBANDO\csv2.php(280): arrayDeColumna('C:\\xampp\\htdocs\\app\\Views\\PROBANDO\\solo100.csv', 1)
 3 SYSTEMPATH\View\View.php(224): include('C:\\xampp\\htdocs\\app\\Views\\PROBANDO\\csv2.php')
 4 SYSTEMPATH\View\View.php(227): CodeIgniter\View\View->CodeIgniter\View\{closure}()
 5 SYSTEMPATH\Common.php(1176): CodeIgniter\View\View->render('PROBANDO\\csv2.php', [], true)
 6 APPPATH\Controllers\Home.php(9): view('PROBANDO\\csv2.php')
 7 SYSTEMPATH\CodeIgniter.php(932): App\Controllers\Home->index()
 8 SYSTEMPATH\CodeIgniter.php(497): CodeIgniter\CodeIgniter->runController(Object(App\Controllers\Home))
 9 SYSTEMPATH\CodeIgniter.php(366): CodeIgniter\CodeIgniter->handleRequest(null, Object(Config\Cache), false)
10 FCPATH\index.php(67): CodeIgniter\CodeIgniter->run()
CRITICAL - 2023-08-22 22:58:44 --> Undefined variable $archivo
in APPPATH\Views\PROBANDO\csv2.php on line 363.
 1 APPPATH\Views\PROBANDO\csv2.php(363): CodeIgniter\Debug\Exceptions->errorHandler(2, 'Undefined variable $archivo', 'C:\\xampp\\htdocs\\app\\Views\\PROBANDO\\csv2.php', 363)
 2 APPPATH\Views\PROBANDO\csv2.php(280): arrayDeColumna('C:\\xampp\\htdocs\\app\\Views\\PROBANDO\\solo100.csv', 1)
 3 SYSTEMPATH\View\View.php(224): include('C:\\xampp\\htdocs\\app\\Views\\PROBANDO\\csv2.php')
 4 SYSTEMPATH\View\View.php(227): CodeIgniter\View\View->CodeIgniter\View\{closure}()
 5 SYSTEMPATH\Common.php(1176): CodeIgniter\View\View->render('PROBANDO\\csv2.php', [], true)
 6 APPPATH\Controllers\Home.php(9): view('PROBANDO\\csv2.php')
 7 SYSTEMPATH\CodeIgniter.php(932): App\Controllers\Home->index()
 8 SYSTEMPATH\CodeIgniter.php(497): CodeIgniter\CodeIgniter->runController(Object(App\Controllers\Home))
 9 SYSTEMPATH\CodeIgniter.php(366): CodeIgniter\CodeIgniter->handleRequest(null, Object(Config\Cache), false)
10 FCPATH\index.php(67): CodeIgniter\CodeIgniter->run()
CRITICAL - 2023-08-22 23:03:37 --> Undefined variable $archivo
in APPPATH\Views\PROBANDO\csv2.php on line 363.
 1 APPPATH\Views\PROBANDO\csv2.php(363): CodeIgniter\Debug\Exceptions->errorHandler(2, 'Undefined variable $archivo', 'C:\\xampp\\htdocs\\app\\Views\\PROBANDO\\csv2.php', 363)
 2 APPPATH\Views\PROBANDO\csv2.php(280): arrayDeColumna('C:\\xampp\\htdocs\\app\\Views\\PROBANDO\\solo100.csv', 1)
 3 SYSTEMPATH\View\View.php(224): include('C:\\xampp\\htdocs\\app\\Views\\PROBANDO\\csv2.php')
 4 SYSTEMPATH\View\View.php(227): CodeIgniter\View\View->CodeIgniter\View\{closure}()
 5 SYSTEMPATH\Common.php(1176): CodeIgniter\View\View->render('PROBANDO\\csv2.php', [], true)
 6 APPPATH\Controllers\Home.php(9): view('PROBANDO\\csv2.php')
 7 SYSTEMPATH\CodeIgniter.php(932): App\Controllers\Home->index()
 8 SYSTEMPATH\CodeIgniter.php(497): CodeIgniter\CodeIgniter->runController(Object(App\Controllers\Home))
 9 SYSTEMPATH\CodeIgniter.php(366): CodeIgniter\CodeIgniter->handleRequest(null, Object(Config\Cache), false)
10 FCPATH\index.php(67): CodeIgniter\CodeIgniter->run()
CRITICAL - 2023-08-22 23:03:38 --> Undefined variable $archivo
in APPPATH\Views\PROBANDO\csv2.php on line 363.
 1 APPPATH\Views\PROBANDO\csv2.php(363): CodeIgniter\Debug\Exceptions->errorHandler(2, 'Undefined variable $archivo', 'C:\\xampp\\htdocs\\app\\Views\\PROBANDO\\csv2.php', 363)
 2 APPPATH\Views\PROBANDO\csv2.php(280): arrayDeColumna('C:\\xampp\\htdocs\\app\\Views\\PROBANDO\\solo100.csv', 1)
 3 SYSTEMPATH\View\View.php(224): include('C:\\xampp\\htdocs\\app\\Views\\PROBANDO\\csv2.php')
 4 SYSTEMPATH\View\View.php(227): CodeIgniter\View\View->CodeIgniter\View\{closure}()
 5 SYSTEMPATH\Common.php(1176): CodeIgniter\View\View->render('PROBANDO\\csv2.php', [], true)
 6 APPPATH\Controllers\Home.php(9): view('PROBANDO\\csv2.php')
 7 SYSTEMPATH\CodeIgniter.php(932): App\Controllers\Home->index()
 8 SYSTEMPATH\CodeIgniter.php(497): CodeIgniter\CodeIgniter->runController(Object(App\Controllers\Home))
 9 SYSTEMPATH\CodeIgniter.php(366): CodeIgniter\CodeIgniter->handleRequest(null, Object(Config\Cache), false)
10 FCPATH\index.php(67): CodeIgniter\CodeIgniter->run()
CRITICAL - 2023-08-22 23:03:48 --> Undefined variable $archivo
in APPPATH\Views\PROBANDO\csv2.php on line 363.
 1 APPPATH\Views\PROBANDO\csv2.php(363): CodeIgniter\Debug\Exceptions->errorHandler(2, 'Undefined variable $archivo', 'C:\\xampp\\htdocs\\app\\Views\\PROBANDO\\csv2.php', 363)
 2 APPPATH\Views\PROBANDO\csv2.php(280): arrayDeColumna('C:\\xampp\\htdocs\\app\\Views\\PROBANDO\\solo100.csv', 1)
 3 SYSTEMPATH\View\View.php(224): include('C:\\xampp\\htdocs\\app\\Views\\PROBANDO\\csv2.php')
 4 SYSTEMPATH\View\View.php(227): CodeIgniter\View\View->CodeIgniter\View\{closure}()
 5 SYSTEMPATH\Common.php(1176): CodeIgniter\View\View->render('PROBANDO\\csv2.php', [], true)
 6 APPPATH\Controllers\Home.php(9): view('PROBANDO\\csv2.php')
 7 SYSTEMPATH\CodeIgniter.php(932): App\Controllers\Home->index()
 8 SYSTEMPATH\CodeIgniter.php(497): CodeIgniter\CodeIgniter->runController(Object(App\Controllers\Home))
 9 SYSTEMPATH\CodeIgniter.php(366): CodeIgniter\CodeIgniter->handleRequest(null, Object(Config\Cache), false)
10 FCPATH\index.php(67): CodeIgniter\CodeIgniter->run()
CRITICAL - 2023-08-22 23:05:02 --> Undefined variable $archivo
in APPPATH\Views\PROBANDO\csv2.php on line 363.
 1 APPPATH\Views\PROBANDO\csv2.php(363): CodeIgniter\Debug\Exceptions->errorHandler(2, 'Undefined variable $archivo', 'C:\\xampp\\htdocs\\app\\Views\\PROBANDO\\csv2.php', 363)
 2 APPPATH\Views\PROBANDO\csv2.php(280): arrayDeColumna('C:\\xampp\\htdocs\\app\\Views\\PROBANDO\\solo100.csv', 1)
 3 SYSTEMPATH\View\View.php(224): include('C:\\xampp\\htdocs\\app\\Views\\PROBANDO\\csv2.php')
 4 SYSTEMPATH\View\View.php(227): CodeIgniter\View\View->CodeIgniter\View\{closure}()
 5 SYSTEMPATH\Common.php(1176): CodeIgniter\View\View->render('PROBANDO\\csv2.php', [], true)
 6 APPPATH\Controllers\Home.php(9): view('PROBANDO\\csv2.php')
 7 SYSTEMPATH\CodeIgniter.php(932): App\Controllers\Home->index()
 8 SYSTEMPATH\CodeIgniter.php(497): CodeIgniter\CodeIgniter->runController(Object(App\Controllers\Home))
 9 SYSTEMPATH\CodeIgniter.php(366): CodeIgniter\CodeIgniter->handleRequest(null, Object(Config\Cache), false)
10 FCPATH\index.php(67): CodeIgniter\CodeIgniter->run()
CRITICAL - 2023-08-22 23:05:05 --> Undefined variable $archivo
in APPPATH\Views\PROBANDO\csv2.php on line 363.
 1 APPPATH\Views\PROBANDO\csv2.php(363): CodeIgniter\Debug\Exceptions->errorHandler(2, 'Undefined variable $archivo', 'C:\\xampp\\htdocs\\app\\Views\\PROBANDO\\csv2.php', 363)
 2 APPPATH\Views\PROBANDO\csv2.php(280): arrayDeColumna('C:\\xampp\\htdocs\\app\\Views\\PROBANDO\\solo100.csv', 1)
 3 SYSTEMPATH\View\View.php(224): include('C:\\xampp\\htdocs\\app\\Views\\PROBANDO\\csv2.php')
 4 SYSTEMPATH\View\View.php(227): CodeIgniter\View\View->CodeIgniter\View\{closure}()
 5 SYSTEMPATH\Common.php(1176): CodeIgniter\View\View->render('PROBANDO\\csv2.php', [], true)
 6 APPPATH\Controllers\Home.php(9): view('PROBANDO\\csv2.php')
 7 SYSTEMPATH\CodeIgniter.php(932): App\Controllers\Home->index()
 8 SYSTEMPATH\CodeIgniter.php(497): CodeIgniter\CodeIgniter->runController(Object(App\Controllers\Home))
 9 SYSTEMPATH\CodeIgniter.php(366): CodeIgniter\CodeIgniter->handleRequest(null, Object(Config\Cache), false)
10 FCPATH\index.php(67): CodeIgniter\CodeIgniter->run()
CRITICAL - 2023-08-22 23:05:28 --> Undefined variable $archivo
in APPPATH\Views\PROBANDO\csv2.php on line 363.
 1 APPPATH\Views\PROBANDO\csv2.php(363): CodeIgniter\Debug\Exceptions->errorHandler(2, 'Undefined variable $archivo', 'C:\\xampp\\htdocs\\app\\Views\\PROBANDO\\csv2.php', 363)
 2 APPPATH\Views\PROBANDO\csv2.php(280): arrayDeColumna('C:\\xampp\\htdocs\\app\\Views\\PROBANDO\\solo100.csv', 1)
 3 SYSTEMPATH\View\View.php(224): include('C:\\xampp\\htdocs\\app\\Views\\PROBANDO\\csv2.php')
 4 SYSTEMPATH\View\View.php(227): CodeIgniter\View\View->CodeIgniter\View\{closure}()
 5 SYSTEMPATH\Common.php(1176): CodeIgniter\View\View->render('PROBANDO\\csv2.php', [], true)
 6 APPPATH\Controllers\Home.php(9): view('PROBANDO\\csv2.php')
 7 SYSTEMPATH\CodeIgniter.php(932): App\Controllers\Home->index()
 8 SYSTEMPATH\CodeIgniter.php(497): CodeIgniter\CodeIgniter->runController(Object(App\Controllers\Home))
 9 SYSTEMPATH\CodeIgniter.php(366): CodeIgniter\CodeIgniter->handleRequest(null, Object(Config\Cache), false)
10 FCPATH\index.php(67): CodeIgniter\CodeIgniter->run()
CRITICAL - 2023-08-22 23:05:29 --> Undefined variable $archivo
in APPPATH\Views\PROBANDO\csv2.php on line 363.
 1 APPPATH\Views\PROBANDO\csv2.php(363): CodeIgniter\Debug\Exceptions->errorHandler(2, 'Undefined variable $archivo', 'C:\\xampp\\htdocs\\app\\Views\\PROBANDO\\csv2.php', 363)
 2 APPPATH\Views\PROBANDO\csv2.php(280): arrayDeColumna('C:\\xampp\\htdocs\\app\\Views\\PROBANDO\\solo100.csv', 1)
 3 SYSTEMPATH\View\View.php(224): include('C:\\xampp\\htdocs\\app\\Views\\PROBANDO\\csv2.php')
 4 SYSTEMPATH\View\View.php(227): CodeIgniter\View\View->CodeIgniter\View\{closure}()
 5 SYSTEMPATH\Common.php(1176): CodeIgniter\View\View->render('PROBANDO\\csv2.php', [], true)
 6 APPPATH\Controllers\Home.php(9): view('PROBANDO\\csv2.php')
 7 SYSTEMPATH\CodeIgniter.php(932): App\Controllers\Home->index()
 8 SYSTEMPATH\CodeIgniter.php(497): CodeIgniter\CodeIgniter->runController(Object(App\Controllers\Home))
 9 SYSTEMPATH\CodeIgniter.php(366): CodeIgniter\CodeIgniter->handleRequest(null, Object(Config\Cache), false)
10 FCPATH\index.php(67): CodeIgniter\CodeIgniter->run()
CRITICAL - 2023-08-22 23:05:30 --> Undefined variable $archivo
in APPPATH\Views\PROBANDO\csv2.php on line 363.
 1 APPPATH\Views\PROBANDO\csv2.php(363): CodeIgniter\Debug\Exceptions->errorHandler(2, 'Undefined variable $archivo', 'C:\\xampp\\htdocs\\app\\Views\\PROBANDO\\csv2.php', 363)
 2 APPPATH\Views\PROBANDO\csv2.php(280): arrayDeColumna('C:\\xampp\\htdocs\\app\\Views\\PROBANDO\\solo100.csv', 1)
 3 SYSTEMPATH\View\View.php(224): include('C:\\xampp\\htdocs\\app\\Views\\PROBANDO\\csv2.php')
 4 SYSTEMPATH\View\View.php(227): CodeIgniter\View\View->CodeIgniter\View\{closure}()
 5 SYSTEMPATH\Common.php(1176): CodeIgniter\View\View->render('PROBANDO\\csv2.php', [], true)
 6 APPPATH\Controllers\Home.php(9): view('PROBANDO\\csv2.php')
 7 SYSTEMPATH\CodeIgniter.php(932): App\Controllers\Home->index()
 8 SYSTEMPATH\CodeIgniter.php(497): CodeIgniter\CodeIgniter->runController(Object(App\Controllers\Home))
 9 SYSTEMPATH\CodeIgniter.php(366): CodeIgniter\CodeIgniter->handleRequest(null, Object(Config\Cache), false)
10 FCPATH\index.php(67): CodeIgniter\CodeIgniter->run()
CRITICAL - 2023-08-22 23:05:31 --> Undefined variable $archivo
in APPPATH\Views\PROBANDO\csv2.php on line 363.
 1 APPPATH\Views\PROBANDO\csv2.php(363): CodeIgniter\Debug\Exceptions->errorHandler(2, 'Undefined variable $archivo', 'C:\\xampp\\htdocs\\app\\Views\\PROBANDO\\csv2.php', 363)
 2 APPPATH\Views\PROBANDO\csv2.php(280): arrayDeColumna('C:\\xampp\\htdocs\\app\\Views\\PROBANDO\\solo100.csv', 1)
 3 SYSTEMPATH\View\View.php(224): include('C:\\xampp\\htdocs\\app\\Views\\PROBANDO\\csv2.php')
 4 SYSTEMPATH\View\View.php(227): CodeIgniter\View\View->CodeIgniter\View\{closure}()
 5 SYSTEMPATH\Common.php(1176): CodeIgniter\View\View->render('PROBANDO\\csv2.php', [], true)
 6 APPPATH\Controllers\Home.php(9): view('PROBANDO\\csv2.php')
 7 SYSTEMPATH\CodeIgniter.php(932): App\Controllers\Home->index()
 8 SYSTEMPATH\CodeIgniter.php(497): CodeIgniter\CodeIgniter->runController(Object(App\Controllers\Home))
 9 SYSTEMPATH\CodeIgniter.php(366): CodeIgniter\CodeIgniter->handleRequest(null, Object(Config\Cache), false)
10 FCPATH\index.php(67): CodeIgniter\CodeIgniter->run()
CRITICAL - 2023-08-22 23:05:36 --> Undefined variable $archivo
in APPPATH\Views\PROBANDO\csv2.php on line 363.
 1 APPPATH\Views\PROBANDO\csv2.php(363): CodeIgniter\Debug\Exceptions->errorHandler(2, 'Undefined variable $archivo', 'C:\\xampp\\htdocs\\app\\Views\\PROBANDO\\csv2.php', 363)
 2 APPPATH\Views\PROBANDO\csv2.php(280): arrayDeColumna('C:\\xampp\\htdocs\\app\\Views\\PROBANDO\\solo100.csv', 1)
 3 SYSTEMPATH\View\View.php(224): include('C:\\xampp\\htdocs\\app\\Views\\PROBANDO\\csv2.php')
 4 SYSTEMPATH\View\View.php(227): CodeIgniter\View\View->CodeIgniter\View\{closure}()
 5 SYSTEMPATH\Common.php(1176): CodeIgniter\View\View->render('PROBANDO\\csv2.php', [], true)
 6 APPPATH\Controllers\Home.php(9): view('PROBANDO\\csv2.php')
 7 SYSTEMPATH\CodeIgniter.php(932): App\Controllers\Home->index()
 8 SYSTEMPATH\CodeIgniter.php(497): CodeIgniter\CodeIgniter->runController(Object(App\Controllers\Home))
 9 SYSTEMPATH\CodeIgniter.php(366): CodeIgniter\CodeIgniter->handleRequest(null, Object(Config\Cache), false)
10 FCPATH\index.php(67): CodeIgniter\CodeIgniter->run()
CRITICAL - 2023-08-22 23:05:41 --> Undefined variable $archivo
in APPPATH\Views\PROBANDO\csv2.php on line 363.
 1 APPPATH\Views\PROBANDO\csv2.php(363): CodeIgniter\Debug\Exceptions->errorHandler(2, 'Undefined variable $archivo', 'C:\\xampp\\htdocs\\app\\Views\\PROBANDO\\csv2.php', 363)
 2 APPPATH\Views\PROBANDO\csv2.php(280): arrayDeColumna('C:\\xampp\\htdocs\\app\\Views\\PROBANDO\\solo100.csv', 1)
 3 SYSTEMPATH\View\View.php(224): include('C:\\xampp\\htdocs\\app\\Views\\PROBANDO\\csv2.php')
 4 SYSTEMPATH\View\View.php(227): CodeIgniter\View\View->CodeIgniter\View\{closure}()
 5 SYSTEMPATH\Common.php(1176): CodeIgniter\View\View->render('PROBANDO\\csv2.php', [], true)
 6 APPPATH\Controllers\Home.php(9): view('PROBANDO\\csv2.php')
 7 SYSTEMPATH\CodeIgniter.php(932): App\Controllers\Home->index()
 8 SYSTEMPATH\CodeIgniter.php(497): CodeIgniter\CodeIgniter->runController(Object(App\Controllers\Home))
 9 SYSTEMPATH\CodeIgniter.php(366): CodeIgniter\CodeIgniter->handleRequest(null, Object(Config\Cache), false)
10 FCPATH\index.php(67): CodeIgniter\CodeIgniter->run()
CRITICAL - 2023-08-22 23:07:32 --> Undefined variable $archivo
in APPPATH\Views\PROBANDO\csv2.php on line 363.
 1 APPPATH\Views\PROBANDO\csv2.php(363): CodeIgniter\Debug\Exceptions->errorHandler(2, 'Undefined variable $archivo', 'C:\\xampp\\htdocs\\app\\Views\\PROBANDO\\csv2.php', 363)
 2 APPPATH\Views\PROBANDO\csv2.php(280): arrayDeColumna('C:\\xampp\\htdocs\\app\\Views\\PROBANDO\\solo100.csv', 1)
 3 SYSTEMPATH\View\View.php(224): include('C:\\xampp\\htdocs\\app\\Views\\PROBANDO\\csv2.php')
 4 SYSTEMPATH\View\View.php(227): CodeIgniter\View\View->CodeIgniter\View\{closure}()
 5 SYSTEMPATH\Common.php(1176): CodeIgniter\View\View->render('PROBANDO\\csv2.php', [], true)
 6 APPPATH\Controllers\Home.php(9): view('PROBANDO\\csv2.php')
 7 SYSTEMPATH\CodeIgniter.php(932): App\Controllers\Home->index()
 8 SYSTEMPATH\CodeIgniter.php(497): CodeIgniter\CodeIgniter->runController(Object(App\Controllers\Home))
 9 SYSTEMPATH\CodeIgniter.php(366): CodeIgniter\CodeIgniter->handleRequest(null, Object(Config\Cache), false)
10 FCPATH\index.php(67): CodeIgniter\CodeIgniter->run()
CRITICAL - 2023-08-22 23:12:18 --> Undefined variable $archivo
in APPPATH\Views\PROBANDO\csv2.php on line 363.
 1 APPPATH\Views\PROBANDO\csv2.php(363): CodeIgniter\Debug\Exceptions->errorHandler(2, 'Undefined variable $archivo', 'C:\\xampp\\htdocs\\app\\Views\\PROBANDO\\csv2.php', 363)
 2 APPPATH\Views\PROBANDO\csv2.php(280): arrayDeColumna('C:\\xampp\\htdocs\\app\\Views\\PROBANDO\\solo100.csv', 1)
 3 SYSTEMPATH\View\View.php(224): include('C:\\xampp\\htdocs\\app\\Views\\PROBANDO\\csv2.php')
 4 SYSTEMPATH\View\View.php(227): CodeIgniter\View\View->CodeIgniter\View\{closure}()
 5 SYSTEMPATH\Common.php(1176): CodeIgniter\View\View->render('PROBANDO\\csv2.php', [], true)
 6 APPPATH\Controllers\Home.php(9): view('PROBANDO\\csv2.php')
 7 SYSTEMPATH\CodeIgniter.php(932): App\Controllers\Home->index()
 8 SYSTEMPATH\CodeIgniter.php(497): CodeIgniter\CodeIgniter->runController(Object(App\Controllers\Home))
 9 SYSTEMPATH\CodeIgniter.php(366): CodeIgniter\CodeIgniter->handleRequest(null, Object(Config\Cache), false)
10 FCPATH\index.php(67): CodeIgniter\CodeIgniter->run()
CRITICAL - 2023-08-22 23:12:24 --> Undefined variable $archivo
in APPPATH\Views\PROBANDO\csv2.php on line 363.
 1 APPPATH\Views\PROBANDO\csv2.php(363): CodeIgniter\Debug\Exceptions->errorHandler(2, 'Undefined variable $archivo', 'C:\\xampp\\htdocs\\app\\Views\\PROBANDO\\csv2.php', 363)
 2 APPPATH\Views\PROBANDO\csv2.php(280): arrayDeColumna('C:\\xampp\\htdocs\\app\\Views\\PROBANDO\\solo100.csv', 1)
 3 SYSTEMPATH\View\View.php(224): include('C:\\xampp\\htdocs\\app\\Views\\PROBANDO\\csv2.php')
 4 SYSTEMPATH\View\View.php(227): CodeIgniter\View\View->CodeIgniter\View\{closure}()
 5 SYSTEMPATH\Common.php(1176): CodeIgniter\View\View->render('PROBANDO\\csv2.php', [], true)
 6 APPPATH\Controllers\Home.php(9): view('PROBANDO\\csv2.php')
 7 SYSTEMPATH\CodeIgniter.php(932): App\Controllers\Home->index()
 8 SYSTEMPATH\CodeIgniter.php(497): CodeIgniter\CodeIgniter->runController(Object(App\Controllers\Home))
 9 SYSTEMPATH\CodeIgniter.php(366): CodeIgniter\CodeIgniter->handleRequest(null, Object(Config\Cache), false)
10 FCPATH\index.php(67): CodeIgniter\CodeIgniter->run()
CRITICAL - 2023-08-22 23:13:04 --> Undefined variable $archivo
in APPPATH\Views\PROBANDO\csv2.php on line 363.
 1 APPPATH\Views\PROBANDO\csv2.php(363): CodeIgniter\Debug\Exceptions->errorHandler(2, 'Undefined variable $archivo', 'C:\\xampp\\htdocs\\app\\Views\\PROBANDO\\csv2.php', 363)
 2 APPPATH\Views\PROBANDO\csv2.php(280): arrayDeColumna('C:\\xampp\\htdocs\\app\\Views\\PROBANDO\\solo100.csv', 1)
 3 SYSTEMPATH\View\View.php(224): include('C:\\xampp\\htdocs\\app\\Views\\PROBANDO\\csv2.php')
 4 SYSTEMPATH\View\View.php(227): CodeIgniter\View\View->CodeIgniter\View\{closure}()
 5 SYSTEMPATH\Common.php(1176): CodeIgniter\View\View->render('PROBANDO\\csv2.php', [], true)
 6 APPPATH\Controllers\Home.php(9): view('PROBANDO\\csv2.php')
 7 SYSTEMPATH\CodeIgniter.php(932): App\Controllers\Home->index()
 8 SYSTEMPATH\CodeIgniter.php(497): CodeIgniter\CodeIgniter->runController(Object(App\Controllers\Home))
 9 SYSTEMPATH\CodeIgniter.php(366): CodeIgniter\CodeIgniter->handleRequest(null, Object(Config\Cache), false)
10 FCPATH\index.php(67): CodeIgniter\CodeIgniter->run()
CRITICAL - 2023-08-22 23:13:18 --> Undefined variable $archivo
in APPPATH\Views\PROBANDO\csv2.php on line 363.
 1 APPPATH\Views\PROBANDO\csv2.php(363): CodeIgniter\Debug\Exceptions->errorHandler(2, 'Undefined variable $archivo', 'C:\\xampp\\htdocs\\app\\Views\\PROBANDO\\csv2.php', 363)
 2 APPPATH\Views\PROBANDO\csv2.php(280): arrayDeColumna('C:\\xampp\\htdocs\\app\\Views\\PROBANDO\\solo100.csv', 1)
 3 SYSTEMPATH\View\View.php(224): include('C:\\xampp\\htdocs\\app\\Views\\PROBANDO\\csv2.php')
 4 SYSTEMPATH\View\View.php(227): CodeIgniter\View\View->CodeIgniter\View\{closure}()
 5 SYSTEMPATH\Common.php(1176): CodeIgniter\View\View->render('PROBANDO\\csv2.php', [], true)
 6 APPPATH\Controllers\Home.php(9): view('PROBANDO\\csv2.php')
 7 SYSTEMPATH\CodeIgniter.php(932): App\Controllers\Home->index()
 8 SYSTEMPATH\CodeIgniter.php(497): CodeIgniter\CodeIgniter->runController(Object(App\Controllers\Home))
 9 SYSTEMPATH\CodeIgniter.php(366): CodeIgniter\CodeIgniter->handleRequest(null, Object(Config\Cache), false)
10 FCPATH\index.php(67): CodeIgniter\CodeIgniter->run()
CRITICAL - 2023-08-22 23:15:03 --> Undefined variable $archivo
in APPPATH\Views\PROBANDO\csv2.php on line 363.
 1 APPPATH\Views\PROBANDO\csv2.php(363): CodeIgniter\Debug\Exceptions->errorHandler(2, 'Undefined variable $archivo', 'C:\\xampp\\htdocs\\app\\Views\\PROBANDO\\csv2.php', 363)
 2 APPPATH\Views\PROBANDO\csv2.php(280): arrayDeColumna('C:\\xampp\\htdocs\\app\\Views\\PROBANDO\\solo100.csv', 1)
 3 SYSTEMPATH\View\View.php(224): include('C:\\xampp\\htdocs\\app\\Views\\PROBANDO\\csv2.php')
 4 SYSTEMPATH\View\View.php(227): CodeIgniter\View\View->CodeIgniter\View\{closure}()
 5 SYSTEMPATH\Common.php(1176): CodeIgniter\View\View->render('PROBANDO\\csv2.php', [], true)
 6 APPPATH\Controllers\Home.php(9): view('PROBANDO\\csv2.php')
 7 SYSTEMPATH\CodeIgniter.php(932): App\Controllers\Home->index()
 8 SYSTEMPATH\CodeIgniter.php(497): CodeIgniter\CodeIgniter->runController(Object(App\Controllers\Home))
 9 SYSTEMPATH\CodeIgniter.php(366): CodeIgniter\CodeIgniter->handleRequest(null, Object(Config\Cache), false)
10 FCPATH\index.php(67): CodeIgniter\CodeIgniter->run()
CRITICAL - 2023-08-22 23:15:11 --> Undefined variable $archivo
in APPPATH\Views\PROBANDO\csv2.php on line 363.
 1 APPPATH\Views\PROBANDO\csv2.php(363): CodeIgniter\Debug\Exceptions->errorHandler(2, 'Undefined variable $archivo', 'C:\\xampp\\htdocs\\app\\Views\\PROBANDO\\csv2.php', 363)
 2 APPPATH\Views\PROBANDO\csv2.php(280): arrayDeColumna('C:\\xampp\\htdocs\\app\\Views\\PROBANDO\\solo100.csv', 1)
 3 SYSTEMPATH\View\View.php(224): include('C:\\xampp\\htdocs\\app\\Views\\PROBANDO\\csv2.php')
 4 SYSTEMPATH\View\View.php(227): CodeIgniter\View\View->CodeIgniter\View\{closure}()
 5 SYSTEMPATH\Common.php(1176): CodeIgniter\View\View->render('PROBANDO\\csv2.php', [], true)
 6 APPPATH\Controllers\Home.php(9): view('PROBANDO\\csv2.php')
 7 SYSTEMPATH\CodeIgniter.php(932): App\Controllers\Home->index()
 8 SYSTEMPATH\CodeIgniter.php(497): CodeIgniter\CodeIgniter->runController(Object(App\Controllers\Home))
 9 SYSTEMPATH\CodeIgniter.php(366): CodeIgniter\CodeIgniter->handleRequest(null, Object(Config\Cache), false)
10 FCPATH\index.php(67): CodeIgniter\CodeIgniter->run()
CRITICAL - 2023-08-22 23:15:46 --> Undefined variable $archivo
in APPPATH\Views\PROBANDO\csv2.php on line 363.
 1 APPPATH\Views\PROBANDO\csv2.php(363): CodeIgniter\Debug\Exceptions->errorHandler(2, 'Undefined variable $archivo', 'C:\\xampp\\htdocs\\app\\Views\\PROBANDO\\csv2.php', 363)
 2 APPPATH\Views\PROBANDO\csv2.php(280): arrayDeColumna('C:\\xampp\\htdocs\\app\\Views\\PROBANDO\\solo100.csv', 1)
 3 SYSTEMPATH\View\View.php(224): include('C:\\xampp\\htdocs\\app\\Views\\PROBANDO\\csv2.php')
 4 SYSTEMPATH\View\View.php(227): CodeIgniter\View\View->CodeIgniter\View\{closure}()
 5 SYSTEMPATH\Common.php(1176): CodeIgniter\View\View->render('PROBANDO\\csv2.php', [], true)
 6 APPPATH\Controllers\Home.php(9): view('PROBANDO\\csv2.php')
 7 SYSTEMPATH\CodeIgniter.php(932): App\Controllers\Home->index()
 8 SYSTEMPATH\CodeIgniter.php(497): CodeIgniter\CodeIgniter->runController(Object(App\Controllers\Home))
 9 SYSTEMPATH\CodeIgniter.php(366): CodeIgniter\CodeIgniter->handleRequest(null, Object(Config\Cache), false)
10 FCPATH\index.php(67): CodeIgniter\CodeIgniter->run()
