CRITICAL - 2023-08-18 23:16:38 --> Invalid file: "PROBANDO\welcome_message.php"
in SYSTEMPATH\Exceptions\FrameworkException.php on line 33.
 1 SYSTEMPATH\View\View.php(212): CodeIgniter\Exceptions\FrameworkException::forInvalidFile('PROBANDO\\welcome_message.php')
 2 SYSTEMPATH\Common.php(1176): CodeIgniter\View\View->render('PROBANDO\\welcome_message', [], true)
 3 APPPATH\Controllers\Home.php(9): view('PROBANDO\\welcome_message')
 4 SYSTEMPATH\CodeIgniter.php(932): App\Controllers\Home->index()
 5 SYSTEMPATH\CodeIgniter.php(497): CodeIgniter\CodeIgniter->runController(Object(App\Controllers\Home))
 6 SYSTEMPATH\CodeIgniter.php(366): CodeIgniter\CodeIgniter->handleRequest(null, Object(Config\Cache), false)
 7 FCPATH\index.php(67): CodeIgniter\CodeIgniter->run()
CRITICAL - 2023-08-18 23:16:39 --> Invalid file: "PROBANDO\welcome_message.php"
in SYSTEMPATH\Exceptions\FrameworkException.php on line 33.
 1 SYSTEMPATH\View\View.php(212): CodeIgniter\Exceptions\FrameworkException::forInvalidFile('PROBANDO\\welcome_message.php')
 2 SYSTEMPATH\Common.php(1176): CodeIgniter\View\View->render('PROBANDO\\welcome_message', [], true)
 3 APPPATH\Controllers\Home.php(9): view('PROBANDO\\welcome_message')
 4 SYSTEMPATH\CodeIgniter.php(932): App\Controllers\Home->index()
 5 SYSTEMPATH\CodeIgniter.php(497): CodeIgniter\CodeIgniter->runController(Object(App\Controllers\Home))
 6 SYSTEMPATH\CodeIgniter.php(366): CodeIgniter\CodeIgniter->handleRequest(null, Object(Config\Cache), false)
 7 FCPATH\index.php(67): CodeIgniter\CodeIgniter->run()
CRITICAL - 2023-08-18 23:16:39 --> Invalid file: "PROBANDO\welcome_message.php"
in SYSTEMPATH\Exceptions\FrameworkException.php on line 33.
 1 SYSTEMPATH\View\View.php(212): CodeIgniter\Exceptions\FrameworkException::forInvalidFile('PROBANDO\\welcome_message.php')
 2 SYSTEMPATH\Common.php(1176): CodeIgniter\View\View->render('PROBANDO\\welcome_message', [], true)
 3 APPPATH\Controllers\Home.php(9): view('PROBANDO\\welcome_message')
 4 SYSTEMPATH\CodeIgniter.php(932): App\Controllers\Home->index()
 5 SYSTEMPATH\CodeIgniter.php(497): CodeIgniter\CodeIgniter->runController(Object(App\Controllers\Home))
 6 SYSTEMPATH\CodeIgniter.php(366): CodeIgniter\CodeIgniter->handleRequest(null, Object(Config\Cache), false)
 7 FCPATH\index.php(67): CodeIgniter\CodeIgniter->run()
